15:06:06.864 INFO [GridLauncherV3.parse] - Selenium server version: 3.141.59, revision: e82be7d358
15:06:06.933 INFO [GridLauncherV3.lambda$buildLaunchers$3] - Launching a standalone Selenium Server on port 4444
2019-11-16 15:06:06.993:INFO::main: Logging initialized @263ms to org.seleniumhq.jetty9.util.log.StdErrLog
15:06:07.190 INFO [WebDriverServlet.<init>] - Initialising WebDriverServlet
15:06:07.511 INFO [SeleniumServer.boot] - Selenium Server is up and running on port 4444
15:06:07.935 INFO [ActiveSessionFactory.apply] - Capabilities are: {
  "acceptSslCerts": true,
  "browserName": "chrome",
  "chromeOptions": {
    "w3c": false
  },
  "name": "Re Enact"
}
15:06:07.937 INFO [ActiveSessionFactory.lambda$apply$11] - Matched factory org.openqa.selenium.grid.session.remote.ServicedSession$Factory (provider: org.openqa.selenium.chrome.ChromeDriverService)
Starting ChromeDriver 78.0.3904.70 (edb9c9f3de0247fd912a77b7f6cae7447f6d3ad5-refs/branch-heads/3904@{#800}) on port 44919
Only local connections are allowed.
Please protect ports used by ChromeDriver and related test frameworks to prevent access by malicious code.
[1573941971.185][WARNING]: Timed out connecting to Chrome, retrying...
15:06:13.230 INFO [ProtocolHandshake.createSession] - Detected dialect: OSS
15:06:13.438 INFO [RemoteSession$Factory.lambda$performHandshake$0] - Started new session 1ba57f9e82150c357e544feeec6df039 (org.openqa.selenium.chrome.ChromeDriverService)
15:06:16.103 INFO [ActiveSessions$1.onStop] - Removing session 1ba57f9e82150c357e544feeec6df039 (org.openqa.selenium.chrome.ChromeDriverService)
